Arguments: 
  D:\nodejs\node.exe C:\Users\Administrator\AppData\Roaming\npm\node_modules\yarn\bin\yarn.js add @muqian-lazyLoad

PATH: 
  C:\Program Files\Common Files\Oracle\Java\javapath;C:\WINDOWS\system32;C:\WINDOWS;C:\WINDOWS\System32\Wbem;C:\WINDOWS\System32\WindowsPowerShell\v1.0\;C:\WINDOWS\System32\OpenSSH\;d:\Program Files (x86)\Tencent\微信web开发者工具\dll;C:\Program Files\TortoiseGit\bin;C:\Program Files\TortoiseSVN\bin;E:\react\MongoDB\bin;D:\nodejs\;D:\nodejs;C:\Users\Administrator\AppData\Local\Microsoft\WindowsApps;d:\Users\Administrator\AppData\Local\Programs\Microsoft VS Code\bin;d:\Users\Administrator\AppData\Local\Programs\Fiddler;C:\Users\Administrator\AppData\Local\Microsoft\WindowsApps;C:\Users\Administrator\AppData\Local\BypassRuntm;%NVM_HOME%;%NVM_SYMLINK%;D:\NVM\nvm\nodejs\node_global;C:\Users\Administrator\AppData\Roaming\npm

Yarn version: 
  1.22.19

Node version: 
  16.17.0

Platform: 
  win32 x64

Trace: 
  Error: https://registry.yarnpkg.com/@muqian-lazyLoad: Request "https://registry.yarnpkg.com/@muqian-lazyLoad" returned a 405
      at Request.params.callback [as _callback] (C:\Users\Administrator\AppData\Roaming\npm\node_modules\yarn\lib\cli.js:66154:18)
      at Request.self.callback (C:\Users\Administrator\AppData\Roaming\npm\node_modules\yarn\lib\cli.js:140890:22)
      at Request.emit (node:events:513:28)
      at Request.<anonymous> (C:\Users\Administrator\AppData\Roaming\npm\node_modules\yarn\lib\cli.js:141862:10)
      at Request.emit (node:events:513:28)
      at IncomingMessage.<anonymous> (C:\Users\Administrator\AppData\Roaming\npm\node_modules\yarn\lib\cli.js:141784:12)
      at Object.onceWrapper (node:events:627:28)
      at IncomingMessage.emit (node:events:525:35)
      at endReadableNT (node:internal/streams/readable:1358:12)
      at processTicksAndRejections (node:internal/process/task_queues:83:21)

npm manifest: 
  {
    "dependencies": {
      "@vue/reactivity": "^3.2.45",
      "pinia": "^2.0.27",
      "pinia-plugin-unistorage": "^0.0.8"
    },
    "devDependencies": {
      "js-md5": "^0.7.3",
      "vue-jsonp": "^2.0.0"
    }
  }

yarn manifest: 
  No manifest

Lockfile: 
  # THIS IS AN AUTOGENERATED FILE. DO NOT EDIT THIS FILE DIRECTLY.
  # yarn lockfile v1
  
  
  "@vue/devtools-api@^6.4.5":
    version "6.4.5"
    resolved "https://registry.npmjs.org/@vue/devtools-api/-/devtools-api-6.4.5.tgz"
    integrity sha512-JD5fcdIuFxU4fQyXUu3w2KpAJHzTVdN+p4iOX2lMWSHMOoQdMAcpFLZzm9Z/2nmsoZ1a96QEhZ26e50xLBsgOQ==
  
  "@vue/reactivity@^3.2.45":
    version "3.2.45"
    resolved "https://registry.npmjs.org/@vue/reactivity/-/reactivity-3.2.45.tgz"
    integrity sha512-PRvhCcQcyEVohW0P8iQ7HDcIOXRjZfAsOds3N99X/Dzewy8TVhTCT4uXpAHfoKjVTJRA0O0K+6QNkDIZAxNi3A==
    dependencies:
      "@vue/shared" "3.2.45"
  
  "@vue/shared@3.2.45":
    version "3.2.45"
    resolved "https://registry.npmjs.org/@vue/shared/-/shared-3.2.45.tgz"
    integrity sha512-Ewzq5Yhimg7pSztDV+RH1UDKBzmtqieXQlpTVm2AwraoRL/Rks96mvd8Vgi7Lj+h+TH8dv7mXD3FRZR3TUvbSg==
  
  js-md5@^0.7.3:
    version "0.7.3"
    resolved "https://registry.yarnpkg.com/js-md5/-/js-md5-0.7.3.tgz#b4f2fbb0b327455f598d6727e38ec272cd09c3f2"
    integrity sha512-ZC41vPSTLKGwIRjqDh8DfXoCrdQIyBgspJVPXHBGu4nZlAEvG3nf+jO9avM9RmLiGakg7vz974ms99nEV0tmTQ==
  
  pinia-plugin-unistorage@^0.0.8:
    version "0.0.8"
    resolved "https://registry.npmjs.org/pinia-plugin-unistorage/-/pinia-plugin-unistorage-0.0.8.tgz"
    integrity sha512-8Fu+E2hh9mA++2qLoVDSgeW3Q7js/GQ30V6R+jT78l8CXM/2ifSqJk1eYd2yl0PVRhTMS78VZidQG82wDyMCtA==
  
  pinia@^2.0.27:
    version "2.0.27"
    resolved "https://registry.npmjs.org/pinia/-/pinia-2.0.27.tgz"
    integrity sha512-nOnXP0OFeL8R4WjAHsterU+11vptda643gH02xKNtSCDPiRzVfRYodOLihLDoa0gL1KKuQKV+KOzEgdt3YvqEw==
    dependencies:
      "@vue/devtools-api" "^6.4.5"
      vue-demi "*"
  
  vue-demi@*:
    version "0.13.11"
    resolved "https://registry.npmjs.org/vue-demi/-/vue-demi-0.13.11.tgz"
    integrity sha512-IR8HoEEGM65YY3ZJYAjMlKygDQn25D5ajNFNoKh9RSDMQtlzCxtfQjdQgv9jjK+m3377SsJXY8ysq8kLCZL25A==
  
  vue-jsonp@^2.0.0:
    version "2.0.0"
    resolved "https://registry.npmjs.org/vue-jsonp/-/vue-jsonp-2.0.0.tgz"
    integrity sha512-Mzd9GNeuKP5hHFDWZNMWOsCuMILSkA6jo2l4A02wheFz3qqBzH7aSEFTey1BRCZCLizlaf1EqJ5YUtF392KspA==
